<?xml version="1.0" encoding="UTF-8" standalone="no"?><testsuite errors="1" failures="0" name="Crear usuario en la plataforma SIIGO" skipped="0" tests="1" time="23.49" timestamp="2024-09-26 12:15:38"><testcase name="Crear usuario nuevo en SIIGO"><error message="Step [Diligencio el formulario con lo siguiente] is defined with 0 parameters at 'co.com.siigo.certificacion.moduloprueba.stepdefinitions.StepDefinition.diligencioElFormularioConLoSiguiente()'.&#10;However, the gherkin step has 1 arguments:&#10; * Table:&#10;      | nombre | apellido | documento   | direccion      | correo                    | edad |&#10;      | Carlos | Ramirez  | 10949352123 | calle 2#11-471 | carlosramirez@ejemplo.com | 23   |&#10;&#10;Step text: Diligencio el formulario con lo siguiente" type="io.cucumber.core.exception.CucumberException">Step [Diligencio el formulario con lo siguiente] is defined with 0 parameters at 'co.com.siigo.certificacion.moduloprueba.stepdefinitions.StepDefinition.diligencioElFormularioConLoSiguiente()'.
However, the gherkin step has 1 arguments:
 * Table:
      | nombre | apellido | documento   | direccion      | correo                    | edad |
      | Carlos | Ramirez  | 10949352123 | calle 2#11-471 | carlosramirez@ejemplo.com | 23   |

Step text: Diligencio el formulario con lo siguiente</error><system-err>Step [Diligencio el formulario con lo siguiente] is defined with 0 parameters at 'co.com.siigo.certificacion.moduloprueba.stepdefinitions.StepDefinition.diligencioElFormularioConLoSiguiente()'.
However, the gherkin step has 1 arguments:
 * Table:
      | nombre | apellido | documento   | direccion      | correo                    | edad |
      | Carlos | Ramirez  | 10949352123 | calle 2#11-471 | carlosramirez@ejemplo.com | 23   |

Step text: Diligencio el formulario con lo siguiente&#13;
worker.org.gradle.process.internal.worker.GradleWorkerMain.run(GradleWorkerMain.java:69)&#13;
worker.org.gradle.process.internal.worker.GradleWorkerMain.main(GradleWorkerMain.java:74)&#13;
</system-err></testcase></testsuite>